20200220182901-lr_1e-05-batch_size_4-k_3-d_15-s_8_data_fraction-0.4_lres_basnet-False

FDKN trained from depth weights on LR (downsample from GT to 32x32 and then upsample back to 256x256) on 40% of the DUTS-TR dataset, tested on 20% of the DUTS-TE dataset
batch size of 4

2020-02-20 18:39:48,759 epoch:1 ... train_hybrid_loss:1.264080 ...test_hybrid_loss:1.317362
2020-02-20 18:39:53,246 epoch:1 ... MAE(max,avg): train:(0.093792,0.007341) ... test:(0.092551,0.009188)
2020-02-20 18:39:53,246 epoch:1 ... F_beta(max,avg): train:(0.999159,0.989140) ... test:(0.999025,0.961723)
2020-02-20 18:39:53,246 epoch:1 ... Relaxed_F_beta(max,avg): train:(0.948025,0.750068) ... test:(0.890585,0.654985)
2020-02-20 18:59:19,968 epoch:2 ... train_hybrid_loss:1.263073 ...test_hybrid_loss:1.316631
2020-02-20 18:59:22,916 epoch:2 ... MAE(max,avg): train:(0.092429,0.006986) ... test:(0.090572,0.009092)
2020-02-20 18:59:22,916 epoch:2 ... F_beta(max,avg): train:(0.999436,0.989406) ... test:(0.998929,0.962214)
2020-02-20 18:59:22,916 epoch:2 ... Relaxed_F_beta(max,avg): train:(0.939854,0.765934) ... test:(0.888222,0.662876)
2020-02-20 19:10:08,473 epoch:3 ... train_hybrid_loss:1.262554 ...test_hybrid_loss:1.315979
2020-02-20 19:10:14,200 epoch:3 ... MAE(max,avg): train:(0.092437,0.006959) ... test:(0.086994,0.009174)
2020-02-20 19:10:14,201 epoch:3 ... F_beta(max,avg): train:(0.999416,0.989842) ... test:(0.998970,0.963788)
2020-02-20 19:10:14,201 epoch:3 ... Relaxed_F_beta(max,avg): train:(0.964956,0.772244) ... test:(0.890794,0.670999)
2020-02-20 19:21:02,439 epoch:4 ... train_hybrid_loss:1.262251 ...test_hybrid_loss:1.315613
2020-02-20 19:21:07,829 epoch:4 ... MAE(max,avg): train:(0.045988,0.007215) ... test:(0.085667,0.009216)
2020-02-20 19:21:07,829 epoch:4 ... F_beta(max,avg): train:(0.999232,0.990216) ... test:(0.998915,0.964278)
2020-02-20 19:21:07,830 epoch:4 ... Relaxed_F_beta(max,avg): train:(0.944134,0.776450) ... test:(0.900978,0.673688)
2020-02-20 19:32:06,733 epoch:5 ... train_hybrid_loss:1.262106 ...test_hybrid_loss:1.315509
2020-02-20 19:32:12,266 epoch:5 ... MAE(max,avg): train:(0.090735,0.007427) ... test:(0.084806,0.009270)
2020-02-20 19:32:12,266 epoch:5 ... F_beta(max,avg): train:(0.999503,0.989201) ... test:(0.998915,0.964739)
2020-02-20 19:32:12,266 epoch:5 ... Relaxed_F_beta(max,avg): train:(0.958908,0.773399) ... test:(0.902589,0.675269)
2020-02-20 19:43:03,352 epoch:6 ... train_hybrid_loss:1.262040 ...test_hybrid_loss:1.315450
2020-02-20 19:43:06,321 epoch:6 ... MAE(max,avg): train:(0.039033,0.007237) ... test:(0.084654,0.009222)
2020-02-20 19:43:06,322 epoch:6 ... F_beta(max,avg): train:(0.999305,0.989659) ... test:(0.998894,0.964501)
2020-02-20 19:43:06,322 epoch:6 ... Relaxed_F_beta(max,avg): train:(0.950980,0.777463) ... test:(0.905540,0.675276)
2020-02-20 20:23:11,508 epoch:7 ... train_hybrid_loss:1.261964 ...test_hybrid_loss:1.315361
2020-02-20 20:23:17,390 epoch:7 ... MAE(max,avg): train:(0.040236,0.007241) ... test:(0.083710,0.009321)
2020-02-20 20:23:17,391 epoch:7 ... F_beta(max,avg): train:(0.999493,0.989594) ... test:(0.998915,0.965159)
2020-02-20 20:23:17,391 epoch:7 ... Relaxed_F_beta(max,avg): train:(0.966314,0.778844) ... test:(0.902589,0.676987)
2020-02-20 20:34:00,879 epoch:8 ... train_hybrid_loss:1.261974 ...test_hybrid_loss:1.315302
2020-02-20 20:34:06,148 epoch:8 ... MAE(max,avg): train:(0.090769,0.007637) ... test:(0.083949,0.009305)
2020-02-20 20:34:06,149 epoch:8 ... F_beta(max,avg): train:(0.999615,0.989190) ... test:(0.998909,0.964958)
2020-02-20 20:34:06,149 epoch:8 ... Relaxed_F_beta(max,avg): train:(0.970803,0.775675) ... test:(0.901356,0.677451)
2020-02-20 20:44:46,307 epoch:9 ... train_hybrid_loss:1.261979 ...test_hybrid_loss:1.315295
2020-02-20 20:44:52,479 epoch:9 ... MAE(max,avg): train:(0.043921,0.007243) ... test:(0.083702,0.009385)
2020-02-20 20:44:52,479 epoch:9 ... F_beta(max,avg): train:(0.999332,0.989976) ... test:(0.998923,0.965244)
2020-02-20 20:44:52,479 epoch:9 ... Relaxed_F_beta(max,avg): train:(0.946328,0.778469) ... test:(0.899270,0.677797)
2020-02-20 20:55:32,593 epoch:10 ... train_hybrid_loss:1.261992 ...test_hybrid_loss:1.315315
2020-02-20 20:55:37,735 epoch:10 ... MAE(max,avg): train:(0.028452,0.007232) ... test:(0.084553,0.009244)
2020-02-20 20:55:37,735 epoch:10 ... F_beta(max,avg): train:(0.999197,0.990040) ... test:(0.998915,0.964455)
2020-02-20 20:55:37,735 epoch:10 ... Relaxed_F_beta(max,avg): train:(0.946328,0.781707) ... test:(0.905540,0.676136)
2020-02-20 21:06:19,581 epoch:11 ... train_hybrid_loss:1.261974 ...test_hybrid_loss:1.315272
2020-02-20 21:06:24,819 epoch:11 ... MAE(max,avg): train:(0.056658,0.007335) ... test:(0.083901,0.009284)
2020-02-20 21:06:24,819 epoch:11 ... F_beta(max,avg): train:(0.999615,0.990065) ... test:(0.998929,0.964904)
2020-02-20 21:06:24,819 epoch:11 ... Relaxed_F_beta(max,avg): train:(0.970803,0.782647) ... test:(0.903822,0.677590)
2020-02-20 21:17:04,883 epoch:12 ... train_hybrid_loss:1.261968 ...test_hybrid_loss:1.315275
2020-02-20 21:17:10,052 epoch:12 ... MAE(max,avg): train:(0.037159,0.007316) ... test:(0.083972,0.009258)
2020-02-20 21:17:10,052 epoch:12 ... F_beta(max,avg): train:(0.999249,0.990095) ... test:(0.998915,0.964776)
2020-02-20 21:17:10,052 epoch:12 ... Relaxed_F_beta(max,avg): train:(0.948416,0.782067) ... test:(0.905540,0.677317)
2020-02-20 21:27:49,288 epoch:13 ... train_hybrid_loss:1.261932 ...test_hybrid_loss:1.315272
2020-02-20 21:27:54,607 epoch:13 ... MAE(max,avg): train:(0.040183,0.007310) ... test:(0.084230,0.009311)
2020-02-20 21:27:54,607 epoch:13 ... F_beta(max,avg): train:(0.999615,0.990228) ... test:(0.998900,0.964638)
2020-02-20 21:27:54,607 epoch:13 ... Relaxed_F_beta(max,avg): train:(0.970803,0.781122) ... test:(0.904198,0.676947)
2020-02-20 21:38:34,063 epoch:14 ... train_hybrid_loss:1.261958 ...test_hybrid_loss:1.315255
2020-02-20 21:38:39,290 epoch:14 ... MAE(max,avg): train:(0.090354,0.007471) ... test:(0.083779,0.009312)
2020-02-20 21:38:39,291 epoch:14 ... F_beta(max,avg): train:(0.999339,0.989704) ... test:(0.998950,0.964990)
2020-02-20 21:38:39,291 epoch:14 ... Relaxed_F_beta(max,avg): train:(0.949721,0.776384) ... test:(0.905055,0.677928)
2020-02-20 21:49:17,832 epoch:15 ... train_hybrid_loss:1.261938 ...test_hybrid_loss:1.315272
2020-02-20 21:49:23,171 epoch:15 ... MAE(max,avg): train:(0.038247,0.007308) ... test:(0.084086,0.009269)
2020-02-20 21:49:23,171 epoch:15 ... F_beta(max,avg): train:(0.999353,0.990629) ... test:(0.998915,0.964590)
2020-02-20 21:49:23,172 epoch:15 ... Relaxed_F_beta(max,avg): train:(0.952514,0.783522) ... test:(0.906776,0.676858)
2020-02-20 22:00:03,542 epoch:16 ... train_hybrid_loss:1.261889 ...test_hybrid_loss:1.315250
2020-02-20 22:00:09,055 epoch:16 ... MAE(max,avg): train:(0.056816,0.007394) ... test:(0.083496,0.009303)
2020-02-20 22:00:09,055 epoch:16 ... F_beta(max,avg): train:(0.999403,0.990064) ... test:(0.998923,0.965138)
2020-02-20 22:00:09,055 epoch:16 ... Relaxed_F_beta(max,avg): train:(0.962193,0.782464) ... test:(0.904435,0.678302)
2020-02-20 22:10:49,021 epoch:17 ... train_hybrid_loss:1.261936 ...test_hybrid_loss:1.315253
2020-02-20 22:10:54,782 epoch:17 ... MAE(max,avg): train:(0.044212,0.007379) ... test:(0.083673,0.009302)
2020-02-20 22:10:54,782 epoch:17 ... F_beta(max,avg): train:(0.999551,0.989462) ... test:(0.998915,0.964954)
2020-02-20 22:10:54,782 epoch:17 ... Relaxed_F_beta(max,avg): train:(0.975364,0.776983) ... test:(0.908011,0.677754)
2020-02-20 22:21:33,125 epoch:18 ... train_hybrid_loss:1.261976 ...test_hybrid_loss:1.315263
2020-02-20 22:21:39,555 epoch:18 ... MAE(max,avg): train:(0.035992,0.007309) ... test:(0.083997,0.009302)
2020-02-20 22:21:39,556 epoch:18 ... F_beta(max,avg): train:(0.999207,0.990061) ... test:(0.998915,0.964805)
2020-02-20 22:21:39,556 epoch:18 ... Relaxed_F_beta(max,avg): train:(0.958412,0.779849) ... test:(0.905055,0.677499)
2020-02-20 22:32:18,522 epoch:19 ... train_hybrid_loss:1.261989 ...test_hybrid_loss:1.315315
2020-02-20 22:32:24,022 epoch:19 ... MAE(max,avg): train:(0.091118,0.007488) ... test:(0.084542,0.009192)
2020-02-20 22:32:24,023 epoch:19 ... F_beta(max,avg): train:(0.999245,0.989696) ... test:(0.998915,0.964462)
2020-02-20 22:32:24,023 epoch:19 ... Relaxed_F_beta(max,avg): train:(0.950607,0.778068) ... test:(0.908011,0.676492)
2020-02-20 22:43:04,252 epoch:20 ... train_hybrid_loss:1.261889 ...test_hybrid_loss:1.315243
2020-02-20 22:43:09,817 epoch:20 ... MAE(max,avg): train:(0.090478,0.007322) ... test:(0.083519,0.009308)
2020-02-20 22:43:09,817 epoch:20 ... F_beta(max,avg): train:(0.999373,0.989750) ... test:(0.998915,0.965164)
2020-02-20 22:43:09,817 epoch:20 ... Relaxed_F_beta(max,avg): train:(0.971166,0.779482) ... test:(0.903822,0.678358)
